2026/01/31 15:57:43 Loading configuration from: config.json
Registering API routes...
2026/01/31 15:57:43 Initializing album cache...
2026/01/31 15:57:43 Serving frontend from: ../frontend/dist
Backend starting on port 7070
2026/01/31 15:57:43 Starting album cache refresh...
2026/01/31 15:57:45 Fetched 28386 album keys in 1.469454483s
2026/01/31 15:57:45 Refreshed cache with 28386 albums in 1.631941696s
2026/01/31 15:57:47 [MPD] CommandList (10 cmds) took 2.065003914s
2026/01/31 15:57:49 [MPD] CommandList (10 cmds) took 2.027487007s
2026/01/31 15:57:49 Random buffer appended 10 items. Size: 10
2026/01/31 15:57:50 [MPD] CommandList (5 cmds) took 1.015146771s
2026/01/31 15:57:52 [MPD] CommandList (5 cmds) took 1.014926552s
2026/01/31 15:57:52 Random buffer appended 5 items. Size: 15
2026/01/31 15:57:53 [MPD] CommandList (5 cmds) took 1.014440931s
2026/01/31 15:57:54 [MPD] CommandList (5 cmds) took 1.013020863s
2026/01/31 15:57:54 Random buffer appended 5 items. Size: 20
2026/01/31 15:57:55 [MPD] CommandList (5 cmds) took 1.010864712s
2026/01/31 15:57:56 [MPD] CommandList (5 cmds) took 985.929534ms
2026/01/31 15:57:56 Random buffer appended 5 items. Size: 25
2026/01/31 15:57:57 [MPD] CommandList (5 cmds) took 981.959356ms
2026/01/31 15:57:58 [MPD] CommandList (5 cmds) took 983.630946ms
2026/01/31 15:57:58 Random buffer appended 5 items. Size: 30
2026/01/31 15:57:59 [MPD] CommandList (5 cmds) took 974.89971ms
2026/01/31 15:58:01 [MPD] CommandList (5 cmds) took 982.665128ms
2026/01/31 15:58:01 Random buffer appended 5 items. Size: 35
2026/01/31 15:58:02 [MPD] CommandList (5 cmds) took 979.71137ms
2026/01/31 15:58:03 [MPD] CommandList (5 cmds) took 975.227058ms
2026/01/31 15:58:03 Random buffer appended 5 items. Size: 40
2026/01/31 15:58:04 [MPD] CommandList (5 cmds) took 975.617266ms
2026/01/31 15:58:05 [MPD] CommandList (5 cmds) took 976.533757ms
2026/01/31 15:58:05 Random buffer appended 5 items. Size: 45
2026/01/31 15:58:06 [MPD] CommandList (5 cmds) took 978.325791ms
2026/01/31 15:58:07 [MPD] CommandList (5 cmds) took 1.012653854s
2026/01/31 15:58:07 Random buffer appended 5 items. Size: 50
2026/01/31 15:58:08 [MPD] CommandList (5 cmds) took 1.016506535s
2026/01/31 15:58:09 [MPD] CommandList (5 cmds) took 1.012797604s
2026/01/31 15:58:09 Random buffer appended 5 items. Size: 55
2026/01/31 15:58:11 [MPD] CommandList (5 cmds) took 1.01508557s
2026/01/31 15:58:12 [MPD] CommandList (5 cmds) took 977.523067ms
2026/01/31 15:58:12 Random buffer appended 5 items. Size: 60
2026/01/31 15:58:13 [MPD] CommandList (5 cmds) took 975.131282ms
2026/01/31 15:58:14 [MPD] CommandList (5 cmds) took 974.904983ms
2026/01/31 15:58:14 Random buffer appended 5 items. Size: 65
2026/01/31 15:58:15 [MPD] CommandList (5 cmds) took 976.467951ms
2026/01/31 15:58:16 [MPD] CommandList (5 cmds) took 980.636543ms
2026/01/31 15:58:16 Random buffer appended 5 items. Size: 70
2026/01/31 15:58:17 [MPD] CommandList (5 cmds) took 992.44411ms
2026/01/31 15:58:18 [MPD] CommandList (5 cmds) took 974.478808ms
2026/01/31 15:58:18 Random buffer appended 5 items. Size: 75
2026/01/31 15:58:19 [MPD] CommandList (5 cmds) took 973.482714ms
2026/01/31 15:58:21 [MPD] CommandList (5 cmds) took 981.176188ms
2026/01/31 15:58:21 Random buffer appended 5 items. Size: 80
2026/01/31 15:58:22 [MPD] CommandList (5 cmds) took 975.82467ms
2026/01/31 15:58:23 [MPD] CommandList (5 cmds) took 977.518022ms
2026/01/31 15:58:23 Random buffer appended 5 items. Size: 85
2026/01/31 15:58:24 [MPD] CommandList (5 cmds) took 980.4183ms
2026/01/31 15:58:25 [MPD] CommandList (5 cmds) took 974.536537ms
2026/01/31 15:58:25 Random buffer appended 5 items. Size: 90
2026/01/31 15:58:26 [MPD] CommandList (5 cmds) took 982.028326ms
2026/01/31 15:58:26 [MPD] CommandList (2 cmds) took 971.533873ms
2026/01/31 15:58:27 [MPD] CommandList (5 cmds) took 976.654263ms
2026/01/31 15:58:27 Random buffer appended 5 items. Size: 95
2026/01/31 15:58:28 [MPD] CommandList (5 cmds) took 976.740373ms
2026/01/31 15:58:29 [MPD] CommandList (5 cmds) took 972.810215ms
2026/01/31 15:58:29 Random buffer appended 5 items. Size: 100
2026/01/31 15:58:31 [MPD] CommandList (5 cmds) took 971.524765ms
2026/01/31 15:58:32 [MPD] CommandList (5 cmds) took 967.544849ms
2026/01/31 15:58:32 Random buffer appended 5 items. Size: 105
2026/01/31 15:58:33 [MPD] CommandList (5 cmds) took 978.475192ms
2026/01/31 15:58:34 [MPD] CommandList (5 cmds) took 976.450279ms
2026/01/31 15:58:34 Random buffer appended 5 items. Size: 110
2026/01/31 15:58:35 [MPD] CommandList (5 cmds) took 971.826531ms
2026/01/31 15:58:36 [MPD] CommandList (5 cmds) took 973.218371ms
2026/01/31 15:58:36 Random buffer appended 5 items. Size: 115
2026/01/31 15:58:37 [MPD] CommandList (5 cmds) took 977.143844ms
2026/01/31 15:58:38 [MPD] CommandList (5 cmds) took 993.142119ms
2026/01/31 15:58:38 Random buffer appended 5 items. Size: 120
2026/01/31 16:02:46 [Broadcaster] Subsystems changed: [player]
2026/01/31 16:02:46 [Broadcaster] Broadcasting status update (playlist version: 2168)
2026/01/31 16:05:41 [Broadcaster] Subsystems changed: [player]
2026/01/31 16:05:41 [Broadcaster] Broadcasting status update (playlist version: 2168)
