2026/02/06 22:10:41 Loading configuration from: config.json
Registering API routes...
2026/02/06 22:10:41 Initializing album cache...
2026/02/06 22:10:41 Serving music files from: /mnt/m8box/media/music/
2026/02/06 22:10:41 Serving frontend from: ../frontend/dist
Backend starting on port 7070
2026/02/06 22:10:41 Starting album cache refresh...
2026/02/06 22:10:43 Fetched 28376 album keys in 1.527314889s
2026/02/06 22:10:43 Refreshed cache with 28376 albums in 1.65215383s
2026/02/06 22:10:45 [MPD] CommandList (10 cmds) took 1.967854917s
2026/02/06 22:10:47 [MPD] CommandList (10 cmds) took 1.939254417s
2026/02/06 22:10:47 Random buffer appended 10 items. Size: 10
2026/02/06 22:10:48 [MPD] CommandList (5 cmds) took 966.800511ms
2026/02/06 22:10:49 [MPD] CommandList (5 cmds) took 966.733801ms
2026/02/06 22:10:49 Random buffer appended 5 items. Size: 15
2026/02/06 22:10:51 [MPD] CommandList (5 cmds) took 1.643291958s
2026/02/06 22:10:52 [MPD] CommandList (5 cmds) took 970.923396ms
2026/02/06 22:10:52 Random buffer appended 5 items. Size: 20
2026/02/06 22:10:53 [MPD] CommandList (5 cmds) took 973.519988ms
2026/02/06 22:10:54 [MPD] CommandList (5 cmds) took 967.163009ms
2026/02/06 22:10:54 Random buffer appended 5 items. Size: 25
2026/02/06 22:10:56 [MPD] CommandList (5 cmds) took 969.983081ms
2026/02/06 22:10:57 [MPD] CommandList (5 cmds) took 971.497228ms
2026/02/06 22:10:57 Random buffer appended 5 items. Size: 30
2026/02/06 22:10:58 [MPD] CommandList (5 cmds) took 976.041658ms
2026/02/06 22:10:59 [MPD] CommandList (5 cmds) took 967.709765ms
2026/02/06 22:10:59 Random buffer appended 5 items. Size: 35
2026/02/06 22:11:00 [MPD] CommandList (5 cmds) took 967.372261ms
2026/02/06 22:11:01 [MPD] CommandList (5 cmds) took 967.864658ms
2026/02/06 22:11:01 Random buffer appended 5 items. Size: 40
2026/02/06 22:11:02 [MPD] CommandList (5 cmds) took 971.033319ms
2026/02/06 22:11:03 [MPD] CommandList (5 cmds) took 972.973107ms
2026/02/06 22:11:03 Random buffer appended 5 items. Size: 45
2026/02/06 22:11:04 [MPD] CommandList (5 cmds) took 970.423517ms
2026/02/06 22:11:05 [MPD] CommandList (5 cmds) took 975.656112ms
2026/02/06 22:11:05 Random buffer appended 5 items. Size: 50
2026/02/06 22:11:07 [MPD] CommandList (5 cmds) took 971.973821ms
2026/02/06 22:11:08 [MPD] CommandList (5 cmds) took 971.419759ms
2026/02/06 22:11:08 Random buffer appended 5 items. Size: 55
2026/02/06 22:11:09 [MPD] CommandList (5 cmds) took 974.516353ms
2026/02/06 22:11:10 [MPD] CommandList (5 cmds) took 969.138693ms
2026/02/06 22:11:10 Random buffer appended 5 items. Size: 60
2026/02/06 22:11:11 [MPD] CommandList (5 cmds) took 968.45274ms
2026/02/06 22:11:12 [MPD] CommandList (5 cmds) took 976.110747ms
2026/02/06 22:11:12 Random buffer appended 5 items. Size: 65
2026/02/06 22:11:13 [MPD] CommandList (5 cmds) took 971.668169ms
2026/02/06 22:11:14 [MPD] CommandList (5 cmds) took 980.411716ms
2026/02/06 22:11:14 Random buffer appended 5 items. Size: 70
2026/02/06 22:11:15 [MPD] CommandList (5 cmds) took 968.705656ms
2026/02/06 22:11:16 [MPD] CommandList (5 cmds) took 971.680171ms
2026/02/06 22:11:16 Random buffer appended 5 items. Size: 75
2026/02/06 22:11:18 [MPD] CommandList (5 cmds) took 972.342471ms
2026/02/06 22:11:19 [MPD] CommandList (5 cmds) took 973.523328ms
2026/02/06 22:11:19 Random buffer appended 5 items. Size: 80
2026/02/06 22:11:20 [MPD] CommandList (5 cmds) took 967.565ms
2026/02/06 22:11:21 [MPD] CommandList (5 cmds) took 966.935056ms
2026/02/06 22:11:21 Random buffer appended 5 items. Size: 85
2026/02/06 22:11:22 [MPD] CommandList (5 cmds) took 969.629014ms
2026/02/06 22:11:23 [MPD] CommandList (5 cmds) took 970.511118ms
2026/02/06 22:11:23 Random buffer appended 5 items. Size: 90
2026/02/06 22:11:24 [MPD] CommandList (5 cmds) took 977.798906ms
2026/02/06 22:11:25 [MPD] CommandList (5 cmds) took 968.556528ms
2026/02/06 22:11:25 Random buffer appended 5 items. Size: 95
2026/02/06 22:11:26 [MPD] CommandList (5 cmds) took 968.405679ms
2026/02/06 22:11:27 [MPD] CommandList (5 cmds) took 973.014158ms
2026/02/06 22:11:27 Random buffer appended 5 items. Size: 100
2026/02/06 22:11:29 [MPD] CommandList (5 cmds) took 969.162155ms
2026/02/06 22:11:30 [MPD] CommandList (5 cmds) took 965.941536ms
2026/02/06 22:11:30 Random buffer appended 5 items. Size: 105
2026/02/06 22:11:31 [MPD] CommandList (5 cmds) took 964.949572ms
2026/02/06 22:11:32 [MPD] CommandList (5 cmds) took 966.199707ms
2026/02/06 22:11:32 Random buffer appended 5 items. Size: 110
2026/02/06 22:11:33 [MPD] CommandList (5 cmds) took 970.02954ms
2026/02/06 22:11:34 [MPD] CommandList (5 cmds) took 966.114697ms
2026/02/06 22:11:34 Random buffer appended 5 items. Size: 115
2026/02/06 22:11:35 [MPD] CommandList (5 cmds) took 965.924726ms
2026/02/06 22:11:36 [MPD] CommandList (5 cmds) took 966.777688ms
2026/02/06 22:11:36 Random buffer appended 5 items. Size: 120
2026/02/06 22:14:11 [MPD] Command 'find album "'Round About Midnight" artist "Miles Davis"' took 264.794059ms
2026/02/06 22:14:12 [MPD] CommandList (2 cmds) took 866.049957ms
2026/02/06 22:14:12 [MPD] Command 'find album "'Round About Midnight - Original Mono Recordings" artist "Miles Davis"' took 874.487385ms
2026/02/06 22:14:12 [MPD] Command 'find album "1958 Miles" artist "Miles Davis"' took 872.410684ms
2026/02/06 22:14:12 [MPD] Command 'find album "A Tribute To Jack Johnson" artist "Miles Davis"' took 987.147016ms
2026/02/06 22:14:12 [MPD] Command 'find album "Amandla" artist "Miles Davis"' took 886.245461ms
2026/02/06 22:14:13 [MPD] Command 'find artist "Miles Davis"' took 2.000636255s
2026/02/06 22:14:13 [MPD] Command 'find album "Agharta" artist "Miles Davis"' took 1.16574286s
2026/02/06 22:14:13 [MPD] Command 'find album "Antibes 7/26/1969 (Live In Europe The Bootleg Series Vol. 2)" artist "Miles Davis"' took 1.062971344s
2026/02/06 22:14:13 [MPD] Command 'find album "Antibes 7/25/1969 (Live In Europe The Bootleg Series Vol. 2)" artist "Miles Davis"' took 1.06311761s
2026/02/06 22:14:13 [MPD] Command 'find album "At Carnegie Hall" artist "Miles Davis"' took 1.063045476s
2026/02/06 22:14:20 [MPD] Command 'find album "At Fillmore" artist "Miles Davis"' took 216.466936ms
2026/02/06 22:14:20 [MPD] Command 'find album "At Fillmore West Black Beauty" artist "Miles Davis"' took 578.118376ms
2026/02/06 22:14:20 [MPD] Command 'find album "At Newport 1955-1975: The Bootleg Series Vol. 4" artist "Miles Davis"' took 608.249374ms
2026/02/06 22:14:24 [MPD] Command 'find album "At Newport 1958" artist "Miles Davis"' took 587.022563ms
2026/02/06 22:14:24 [MPD] Command 'find album "Aura" artist "Miles Davis"' took 587.146271ms
2026/02/06 22:14:24 [MPD] Command 'find album "At Plugged Nickel, Chicago" artist "Miles Davis"' took 587.619816ms
2026/02/06 22:14:24 [MPD] Command 'find album "Circle In The Round" artist "Miles Davis"' took 1.070734608s
2026/02/06 22:14:24 [MPD] Command 'find album "Big Fun" artist "Miles Davis"' took 1.078454961s
2026/02/06 22:14:24 [MPD] Command 'find album "Bitches Brew" artist "Miles Davis"' took 1.071330413s
2026/02/06 22:14:25 [MPD] Command 'find album "Decoy" artist "Miles Davis"' took 1.057430818s
2026/02/06 22:14:25 [MPD] Command 'find album "Cookin' with the Miles Davis Quintet // The Legendary Prestige Quintet Sessions - Oct 56 (Mono Remastered)" artist "Miles Davis"' took 1.060535773s
2026/02/06 22:14:25 [MPD] Command 'find album "Dark Magus" artist "Miles Davis"' took 1.057737555s
2026/02/06 22:14:25 [MPD] Command 'find album "Doo-Bop" artist "Miles Davis"' took 1.100497192s
2026/02/06 22:14:25 [MPD] Command 'find album "Directions" artist "Miles Davis"' took 1.101164008s
2026/02/06 22:14:25 [MPD] Command 'find album "Dingo OST (With Michel Legrand)" artist "Miles Davis"' took 1.103356014s
2026/02/06 22:14:31 [MPD] CommandList (5 cmds) took 972.944128ms
2026/02/06 22:14:32 [MPD] CommandList (5 cmds) took 968.096144ms
2026/02/06 22:14:32 Random buffer appended 5 items. Size: 89
2026/02/06 22:14:33 [MPD] CommandList (5 cmds) took 967.935652ms
2026/02/06 22:14:34 [MPD] CommandList (5 cmds) took 967.781288ms
2026/02/06 22:14:34 Random buffer appended 5 items. Size: 94
2026/02/06 22:14:36 [MPD] CommandList (5 cmds) took 990.412002ms
2026/02/06 22:14:37 [MPD] CommandList (5 cmds) took 1.01732218s
2026/02/06 22:14:37 Random buffer appended 5 items. Size: 99
2026/02/06 22:14:38 [MPD] CommandList (5 cmds) took 1.013343544s
2026/02/06 22:14:39 [MPD] CommandList (5 cmds) took 967.670047ms
2026/02/06 22:14:39 Random buffer appended 5 items. Size: 104
2026/02/06 22:14:40 [MPD] CommandList (5 cmds) took 973.672469ms
2026/02/06 22:14:41 [MPD] CommandList (5 cmds) took 971.841098ms
2026/02/06 22:14:41 Random buffer appended 5 items. Size: 109
2026/02/06 22:14:41 [MPD] CommandList (2 cmds) took 616.066476ms
2026/02/06 22:14:42 [MPD] CommandList (5 cmds) took 970.407323ms
2026/02/06 22:14:43 [MPD] CommandList (5 cmds) took 966.167547ms
2026/02/06 22:14:43 Random buffer appended 5 items. Size: 114
2026/02/06 22:14:45 [MPD] CommandList (5 cmds) took 975.58985ms
2026/02/06 22:14:46 [MPD] CommandList (5 cmds) took 973.850637ms
2026/02/06 22:14:46 Random buffer appended 5 items. Size: 119
2026/02/06 22:14:46 [MPD] CommandList (1 cmds) took 195.869189ms
2026/02/06 22:14:46 [MPD] CommandList (1 cmds) took 195.502383ms
2026/02/06 22:14:46 Random buffer appended 1 items. Size: 120
2026/02/06 22:15:42 [MPD] CommandList (2 cmds) took 1.538006495s
2026/02/06 22:17:44 [MPD] CommandList (2 cmds) took 199.750469ms
2026/02/06 23:49:28 [Broadcaster] Subsystems changed: [update]
2026/02/06 23:49:28 [Broadcaster] Broadcasting status update (playlist version: 2377)
2026/02/06 23:49:37 [Broadcaster] Subsystems changed: [update]
2026/02/06 23:49:37 [Broadcaster] Broadcasting status update (playlist version: 2377)
2026/02/06 23:54:36 [Broadcaster] Subsystems changed: [update]
2026/02/06 23:54:36 [Broadcaster] Broadcasting status update (playlist version: 2377)
2026/02/06 23:54:36 [Broadcaster] Subsystems changed: [update]
2026/02/06 23:54:36 [Broadcaster] Broadcasting status update (playlist version: 2377)
2026/02/07 00:01:37 [Broadcaster] Subsystems changed: [update]
2026/02/07 00:01:37 [Broadcaster] Broadcasting status update (playlist version: 2377)
2026/02/07 00:01:37 [Broadcaster] Subsystems changed: [update]
2026/02/07 00:01:37 [Broadcaster] Broadcasting status update (playlist version: 2377)
2026/02/07 00:03:35 [Broadcaster] Subsystems changed: [update]
2026/02/07 00:03:35 [Broadcaster] Broadcasting status update (playlist version: 2377)
2026/02/07 00:03:36 [Broadcaster] Subsystems changed: [update]
2026/02/07 00:03:36 [Broadcaster] Broadcasting status update (playlist version: 2377)
2026/02/07 00:03:52 [Broadcaster] Subsystems changed: [update]
2026/02/07 00:03:52 [Broadcaster] Broadcasting status update (playlist version: 2377)
2026/02/07 00:03:52 [Broadcaster] Subsystems changed: [update]
2026/02/07 00:03:52 [Broadcaster] Broadcasting status update (playlist version: 2377)
2026/02/07 00:07:11 WebSocket read error: read tcp 192.168.1.111:7070->192.168.1.19:52142: i/o timeout
