2026/02/02 19:41:59 Loading configuration from: config.json
Registering API routes...
2026/02/02 19:41:59 Serving frontend from: ../frontend/dist
2026/02/02 19:41:59 Initializing album cache...
Backend starting on port 7070
2026/02/02 19:41:59 Starting album cache refresh...
2026/02/02 19:42:00 Fetched 28386 album keys in 1.447839451s
2026/02/02 19:42:00 Refreshed cache with 28386 albums in 1.554856796s
2026/02/02 19:42:02 [MPD] CommandList (10 cmds) took 1.950681176s
2026/02/02 19:42:04 [MPD] CommandList (10 cmds) took 1.931736647s
2026/02/02 19:42:04 Random buffer appended 10 items. Size: 10
2026/02/02 19:42:04 [MPD] CommandList (2 cmds) took 578.905664ms
2026/02/02 19:42:05 [MPD] CommandList (5 cmds) took 969.333906ms
2026/02/02 19:42:07 [MPD] CommandList (5 cmds) took 969.323371ms
2026/02/02 19:42:07 Random buffer appended 5 items. Size: 15
2026/02/02 19:42:08 [MPD] CommandList (5 cmds) took 965.339284ms
2026/02/02 19:42:09 [MPD] CommandList (5 cmds) took 968.838198ms
2026/02/02 19:42:09 Random buffer appended 5 items. Size: 20
2026/02/02 19:42:10 [MPD] CommandList (5 cmds) took 970.927094ms
2026/02/02 19:42:11 [MPD] CommandList (5 cmds) took 972.162376ms
2026/02/02 19:42:11 Random buffer appended 5 items. Size: 25
2026/02/02 19:42:12 [MPD] CommandList (5 cmds) took 983.250034ms
2026/02/02 19:42:13 [MPD] CommandList (5 cmds) took 967.25739ms
2026/02/02 19:42:13 Random buffer appended 5 items. Size: 30
2026/02/02 19:42:14 [MPD] CommandList (5 cmds) took 965.621077ms
2026/02/02 19:42:15 [MPD] CommandList (5 cmds) took 967.965977ms
2026/02/02 19:42:15 Random buffer appended 5 items. Size: 35
2026/02/02 19:42:16 [MPD] CommandList (5 cmds) took 972.383965ms
2026/02/02 19:42:18 [MPD] CommandList (5 cmds) took 976.641761ms
2026/02/02 19:42:18 Random buffer appended 5 items. Size: 40
2026/02/02 19:42:19 [MPD] CommandList (5 cmds) took 971.769673ms
2026/02/02 19:42:20 [MPD] CommandList (5 cmds) took 966.978229ms
2026/02/02 19:42:20 Random buffer appended 5 items. Size: 45
2026/02/02 19:42:21 [MPD] CommandList (5 cmds) took 968.548845ms
2026/02/02 19:42:22 [MPD] CommandList (5 cmds) took 975.014375ms
2026/02/02 19:42:22 Random buffer appended 5 items. Size: 50
2026/02/02 19:42:23 [MPD] CommandList (5 cmds) took 991.179126ms
2026/02/02 19:42:24 [MPD] CommandList (5 cmds) took 969.711787ms
2026/02/02 19:42:24 Random buffer appended 5 items. Size: 55
2026/02/02 19:42:25 [MPD] CommandList (5 cmds) took 970.878082ms
2026/02/02 19:42:26 [MPD] CommandList (5 cmds) took 968.980653ms
2026/02/02 19:42:26 Random buffer appended 5 items. Size: 60
2026/02/02 19:42:28 [MPD] CommandList (5 cmds) took 1.005690624s
2026/02/02 19:42:29 [MPD] CommandList (5 cmds) took 967.304663ms
2026/02/02 19:42:29 Random buffer appended 5 items. Size: 65
2026/02/02 19:42:30 [MPD] CommandList (5 cmds) took 965.551902ms
2026/02/02 19:42:31 [MPD] CommandList (5 cmds) took 966.144218ms
2026/02/02 19:42:31 Random buffer appended 5 items. Size: 70
2026/02/02 19:42:32 [MPD] CommandList (5 cmds) took 968.835157ms
2026/02/02 19:42:33 [MPD] CommandList (5 cmds) took 972.286812ms
2026/02/02 19:42:33 Random buffer appended 5 items. Size: 75
2026/02/02 19:42:34 [MPD] CommandList (5 cmds) took 969.110171ms
2026/02/02 19:42:34 [MPD] CommandList (2 cmds) took 154.540846ms
2026/02/02 19:42:35 [MPD] CommandList (5 cmds) took 969.081392ms
2026/02/02 19:42:35 Random buffer appended 5 items. Size: 80
2026/02/02 19:42:36 [METADATA DETAILS] GetMetadataDetails called
2026/02/02 19:42:36 [METADATA DETAILS]   Source: 'MusicBrainz'
2026/02/02 19:42:36 [METADATA DETAILS]   ExternalID: '861c35cb-34d2-4547-9b1b-c3207d96c6a0'
2026/02/02 19:42:36 [METADATA DETAILS] Creating aggregator and fetching details...
2026/02/02 19:42:36 [MUSICBRAINZ] GetReleaseDetails called with externalID='861c35cb-34d2-4547-9b1b-c3207d96c6a0'
2026/02/02 19:42:36 [MUSICBRAINZ] Fetching release-group to get release ID: '861c35cb-34d2-4547-9b1b-c3207d96c6a0'
2026/02/02 19:42:36 [MUSICBRAINZ] Sending request to: https://musicbrainz.org/ws/2/release-group/861c35cb-34d2-4547-9b1b-c3207d96c6a0?fmt=json&inc=releases (attempt 1/3)
2026/02/02 19:42:36 [MUSICBRAINZ] Retryable error on attempt 1/3: Get "https://musicbrainz.org/ws/2/release-group/861c35cb-34d2-4547-9b1b-c3207d96c6a0?fmt=json&inc=releases": EOF, retrying...
2026/02/02 19:42:36 [MPD] CommandList (5 cmds) took 969.737911ms
2026/02/02 19:42:37 [MUSICBRAINZ] Sending request to: https://musicbrainz.org/ws/2/release-group/861c35cb-34d2-4547-9b1b-c3207d96c6a0?fmt=json&inc=releases (attempt 2/3)
2026/02/02 19:42:37 [MUSICBRAINZ] Retryable error on attempt 2/3: Get "https://musicbrainz.org/ws/2/release-group/861c35cb-34d2-4547-9b1b-c3207d96c6a0?fmt=json&inc=releases": EOF, retrying...
2026/02/02 19:42:37 [MPD] CommandList (5 cmds) took 972.047916ms
2026/02/02 19:42:37 Random buffer appended 5 items. Size: 85
2026/02/02 19:42:39 [MPD] CommandList (5 cmds) took 997.07535ms
2026/02/02 19:42:39 [MUSICBRAINZ] Sending request to: https://musicbrainz.org/ws/2/release-group/861c35cb-34d2-4547-9b1b-c3207d96c6a0?fmt=json&inc=releases (attempt 3/3)
2026/02/02 19:42:39 [MUSICBRAINZ] Retryable error on attempt 3/3: Get "https://musicbrainz.org/ws/2/release-group/861c35cb-34d2-4547-9b1b-c3207d96c6a0?fmt=json&inc=releases": EOF, retrying...
2026/02/02 19:42:39 [MUSICBRAINZ] HTTP request failed: Get "https://musicbrainz.org/ws/2/release-group/861c35cb-34d2-4547-9b1b-c3207d96c6a0?fmt=json&inc=releases": EOF
2026/02/02 19:42:39 [METADATA DETAILS] Error fetching details: MusicBrainz: Get "https://musicbrainz.org/ws/2/release-group/861c35cb-34d2-4547-9b1b-c3207d96c6a0?fmt=json&inc=releases": EOF
2026/02/02 19:42:40 [MPD] CommandList (5 cmds) took 968.543001ms
2026/02/02 19:42:40 Random buffer appended 5 items. Size: 90
2026/02/02 19:42:41 [MPD] CommandList (5 cmds) took 976.698565ms
2026/02/02 19:42:42 [MPD] CommandList (5 cmds) took 976.959093ms
2026/02/02 19:42:42 Random buffer appended 5 items. Size: 95
2026/02/02 19:42:43 [MPD] CommandList (5 cmds) took 976.189997ms
2026/02/02 19:42:44 [MPD] CommandList (5 cmds) took 966.431231ms
2026/02/02 19:42:44 Random buffer appended 5 items. Size: 100
2026/02/02 19:42:45 [MPD] CommandList (5 cmds) took 966.168884ms
2026/02/02 19:42:46 [MPD] CommandList (5 cmds) took 966.539172ms
2026/02/02 19:42:46 Random buffer appended 5 items. Size: 105
2026/02/02 19:42:47 [MPD] CommandList (5 cmds) took 968.584544ms
2026/02/02 19:42:48 [MPD] CommandList (5 cmds) took 971.717442ms
2026/02/02 19:42:48 Random buffer appended 5 items. Size: 110
2026/02/02 19:42:50 [MPD] CommandList (5 cmds) took 969.328799ms
2026/02/02 19:42:51 [MPD] CommandList (5 cmds) took 971.254573ms
2026/02/02 19:42:51 Random buffer appended 5 items. Size: 115
2026/02/02 19:42:52 [MPD] CommandList (5 cmds) took 975.041675ms
2026/02/02 19:42:53 [MPD] CommandList (5 cmds) took 974.669043ms
2026/02/02 19:42:53 Random buffer appended 5 items. Size: 120
2026/02/02 20:04:13 WebSocket read error: websocket: close 1001 (going away)
2026/02/02 20:04:14 [MUSICBRAINZ] Search called with artist='Ultravox', album='Lament'
2026/02/02 20:04:14 [MUSICBRAINZ] Query URL params: query='artist:"Ultravox" AND release:"Lament"', type='album', limit='20'
2026/02/02 20:04:14 [MUSICBRAINZ] Sending request to: https://musicbrainz.org/ws/2/release-group/?fmt=json&limit=20&query=artist%3A%22Ultravox%22+AND+release%3A%22Lament%22&type=album (attempt 1/3)
2026/02/02 20:04:14 [MUSICBRAINZ] Request succeeded on attempt 1/3
2026/02/02 20:04:14 [MUSICBRAINZ] Response status: 200 200 OK
2026/02/02 20:04:14 [MUSICBRAINZ] Parsing JSON response...
2026/02/02 20:04:14 [MUSICBRAINZ] API returned 2 release groups (count=2)
2026/02/02 20:04:14 [MUSICBRAINZ] Release group 0: Title='Lament', Date='1984-06-21', ID='861c35cb-34d2-4547-9b1b-c3207d96c6a0'
2026/02/02 20:04:14 [MUSICBRAINZ]   Releases: 2 available
2026/02/02 20:04:14 [MUSICBRAINZ] Creating candidate: Artist='Ultravox', Album='Lament', Year='1984', ReleaseID='531cc57a-88c1-4b68-a2eb-5a843dcf7f9a'
2026/02/02 20:04:14 [MUSICBRAINZ] Release group 1: Title='Lament', Date='1984-05', ID='56271b4c-ca60-3500-9a6e-56f92bf6fa24'
2026/02/02 20:04:14 [MUSICBRAINZ]   Releases: 16 available
2026/02/02 20:04:14 [MUSICBRAINZ] Creating candidate: Artist='Ultravox', Album='Lament', Year='1984', ReleaseID='312f9e5f-4dd2-4698-b71a-9cd725edf413'
2026/02/02 20:04:14 [MUSICBRAINZ] Returning 2 candidates
2026/02/02 20:04:14 [MPD] CommandList (2 cmds) took 163.39761ms
2026/02/02 20:04:14 [MPD] Command 'find album "Lament" artist "Ultravox"' took 261.851272ms
2026/02/02 20:04:18 [METADATA HANDLER] SearchMetadata called
2026/02/02 20:04:18 [METADATA HANDLER]   Artist: 'Ultravox'
2026/02/02 20:04:18 [METADATA HANDLER]   Album: 'Lament'
2026/02/02 20:04:18 [METADATA HANDLER]   Providers param: 'MusicBrainz,Discogs,FreeDB'
2026/02/02 20:04:18 [METADATA HANDLER]   Parsed providers: [MusicBrainz Discogs FreeDB]
2026/02/02 20:04:18 [METADATA HANDLER] Creating aggregator and starting search...
2026/02/02 20:04:18 [METADATA SEARCH] Starting search - Artist: 'Ultravox', Album: 'Lament'
2026/02/02 20:04:18 [METADATA SEARCH] Available providers: 4
2026/02/02 20:04:18 [METADATA SEARCH]   - MusicBrainz
2026/02/02 20:04:18 [METADATA SEARCH]   - Discogs
2026/02/02 20:04:18 [METADATA SEARCH]   - FreeDB
2026/02/02 20:04:18 [METADATA SEARCH]   - AlbumArt.digital
2026/02/02 20:04:18 [METADATA SEARCH] Active providers after filtering: 3
2026/02/02 20:04:18 [METADATA SEARCH]   - MusicBrainz
2026/02/02 20:04:18 [METADATA SEARCH]   - Discogs
2026/02/02 20:04:18 [METADATA SEARCH]   - FreeDB
2026/02/02 20:04:18 [METADATA SEARCH] Starting parallel search across 3 providers
2026/02/02 20:04:18 [METADATA SEARCH] [FreeDB] Starting search
2026/02/02 20:04:18 [METADATA SEARCH] [MusicBrainz] Starting search
2026/02/02 20:04:18 [MUSICBRAINZ] Search called with artist='Ultravox', album='Lament'
2026/02/02 20:04:18 [MUSICBRAINZ] Query URL params: query='artist:"Ultravox" AND release:"Lament"', type='album', limit='20'
2026/02/02 20:04:18 [MUSICBRAINZ] Sending request to: https://musicbrainz.org/ws/2/release-group/?fmt=json&limit=20&query=artist%3A%22Ultravox%22+AND+release%3A%22Lament%22&type=album (attempt 1/3)
2026/02/02 20:04:18 [METADATA SEARCH] [Discogs] Starting search
2026/02/02 20:04:18 [METADATA SEARCH] [Discogs] Error: Discogs token not configured
2026/02/02 20:04:18 [METADATA SEARCH] [FreeDB] Error: FreeDB: Post "https://freedb.freedb.org/~cddb/cddb.cgi": dial tcp: lookup freedb.freedb.org on 192.168.1.111:53: no such host
2026/02/02 20:04:18 [MUSICBRAINZ] Retryable error on attempt 1/3: Get "https://musicbrainz.org/ws/2/release-group/?fmt=json&limit=20&query=artist%3A%22Ultravox%22+AND+release%3A%22Lament%22&type=album": EOF, retrying...
2026/02/02 20:04:19 [MUSICBRAINZ] Sending request to: https://musicbrainz.org/ws/2/release-group/?fmt=json&limit=20&query=artist%3A%22Ultravox%22+AND+release%3A%22Lament%22&type=album (attempt 2/3)
2026/02/02 20:04:19 [MUSICBRAINZ] Retryable error on attempt 2/3: Get "https://musicbrainz.org/ws/2/release-group/?fmt=json&limit=20&query=artist%3A%22Ultravox%22+AND+release%3A%22Lament%22&type=album": EOF, retrying...
2026/02/02 20:04:21 [MUSICBRAINZ] Sending request to: https://musicbrainz.org/ws/2/release-group/?fmt=json&limit=20&query=artist%3A%22Ultravox%22+AND+release%3A%22Lament%22&type=album (attempt 3/3)
2026/02/02 20:04:21 [MUSICBRAINZ] Retryable error on attempt 3/3: Get "https://musicbrainz.org/ws/2/release-group/?fmt=json&limit=20&query=artist%3A%22Ultravox%22+AND+release%3A%22Lament%22&type=album": EOF, retrying...
2026/02/02 20:04:21 [MUSICBRAINZ] HTTP request failed: Get "https://musicbrainz.org/ws/2/release-group/?fmt=json&limit=20&query=artist%3A%22Ultravox%22+AND+release%3A%22Lament%22&type=album": EOF
2026/02/02 20:04:21 [METADATA SEARCH] [MusicBrainz] Error: MusicBrainz: Get "https://musicbrainz.org/ws/2/release-group/?fmt=json&limit=20&query=artist%3A%22Ultravox%22+AND+release%3A%22Lament%22&type=album": EOF
2026/02/02 20:04:21 [METADATA SEARCH] All providers completed. Total candidates before deduplication: 0
2026/02/02 20:04:21 [METADATA SEARCH] After deduplication: 0 candidates
2026/02/02 20:04:21 [METADATA SEARCH] Final results (sorted by confidence):
2026/02/02 20:04:21 [METADATA HANDLER] Search completed successfully. Returning 0 candidates
2026/02/02 20:04:21 [MUSICBRAINZ] Search called with artist='Ultravox', album='Lament'
2026/02/02 20:04:21 [MUSICBRAINZ] Query URL params: query='artist:"Ultravox" AND release:"Lament"', type='album', limit='20'
2026/02/02 20:04:21 [MUSICBRAINZ] Sending request to: https://musicbrainz.org/ws/2/release-group/?fmt=json&limit=20&query=artist%3A%22Ultravox%22+AND+release%3A%22Lament%22&type=album (attempt 1/3)
2026/02/02 20:04:21 [MUSICBRAINZ] Retryable error on attempt 1/3: Get "https://musicbrainz.org/ws/2/release-group/?fmt=json&limit=20&query=artist%3A%22Ultravox%22+AND+release%3A%22Lament%22&type=album": EOF, retrying...
2026/02/02 20:04:22 [MUSICBRAINZ] Sending request to: https://musicbrainz.org/ws/2/release-group/?fmt=json&limit=20&query=artist%3A%22Ultravox%22+AND+release%3A%22Lament%22&type=album (attempt 2/3)
2026/02/02 20:04:22 [MUSICBRAINZ] Retryable error on attempt 2/3: Get "https://musicbrainz.org/ws/2/release-group/?fmt=json&limit=20&query=artist%3A%22Ultravox%22+AND+release%3A%22Lament%22&type=album": EOF, retrying...
2026/02/02 20:04:24 [MUSICBRAINZ] Sending request to: https://musicbrainz.org/ws/2/release-group/?fmt=json&limit=20&query=artist%3A%22Ultravox%22+AND+release%3A%22Lament%22&type=album (attempt 3/3)
2026/02/02 20:04:24 [MUSICBRAINZ] Retryable error on attempt 3/3: Get "https://musicbrainz.org/ws/2/release-group/?fmt=json&limit=20&query=artist%3A%22Ultravox%22+AND+release%3A%22Lament%22&type=album": EOF, retrying...
2026/02/02 20:04:24 [MUSICBRAINZ] HTTP request failed: Get "https://musicbrainz.org/ws/2/release-group/?fmt=json&limit=20&query=artist%3A%22Ultravox%22+AND+release%3A%22Lament%22&type=album": EOF
2026/02/02 21:30:31 Shutting down server...
